<?xml version="1.0" encoding="UTF-8"?>
<!-- Generated by org.testng.reporters.JUnitReportReporter -->
<testsuite hostname="LAPTOP-J9NH7VRS" failures="0" tests="1" name="com.crm.FreeCRMTest.MainTestScript.CreateContactToDeal" time="14.724" errors="0" timestamp="2026-01-29T09:41:40 IST" skipped="0">
  <testcase classname="com.crm.FreeCRMTest.MainTestScript.CreateContactToDeal" name="createContactToDealTest" time="14.724"/>
</testsuite> <!-- com.crm.FreeCRMTest.MainTestScript.CreateContactToDeal -->
