<?xml version="1.0" encoding="UTF-8"?>
<!-- Generated by org.testng.reporters.JUnitReportReporter -->
<testsuite hostname="LAPTOP-J9NH7VRS" failures="0" tests="1" name="com.crm.FreeCRMTest.MainTestScript.InvoiceWithProductTest" time="17.551" errors="0" timestamp="2026-01-29T09:41:40 IST" skipped="0">
  <testcase classname="com.crm.FreeCRMTest.MainTestScript.InvoiceWithProductTest" name="generateInvoiceWithProductTest" time="17.551"/>
</testsuite> <!-- com.crm.FreeCRMTest.MainTestScript.InvoiceWithProductTest -->
