<?xml version="1.0" encoding="UTF-8"?>
<!-- Generated by org.testng.reporters.JUnitReportReporter -->
<testsuite hostname="LAPTOP-J9NH7VRS" failures="0" tests="1" name="com.crm.FreeCRMTest.TestScript.Com_CRM_FreeCRM_MainclassTest" time="13.520" errors="0" timestamp="2026-01-23T11:01:01 IST" skipped="0">
  <testcase classname="com.crm.FreeCRMTest.TestScript.Com_CRM_FreeCRM_MainclassTest" name="createContactToDealTest" time="13.520"/>
</testsuite> <!-- com.crm.FreeCRMTest.TestScript.Com_CRM_FreeCRM_MainclassTest -->
