<?xml version="1.0" encoding="UTF-8"?>
<!-- Generated by org.testng.reporters.JUnitReportReporter -->
<testsuite hostname="LAPTOP-J9NH7VRS" failures="0" tests="3" name="com.crm.FreeCRMTest.TestScript.IntegrationTest" time="40.331" errors="0" timestamp="2026-01-23T21:02:28 IST" skipped="0">
  <testcase classname="com.crm.FreeCRMTest.TestScript.IntegrationTest" name="createCalenderwithEventAndNotesTest" time="14.784"/>
  <testcase classname="com.crm.FreeCRMTest.TestScript.IntegrationTest" name="searchContactAddTaskTest" time="8.361"/>
  <testcase classname="com.crm.FreeCRMTest.TestScript.IntegrationTest" name="generateInvoiceWithProductTest" time="17.186"/>
</testsuite> <!-- com.crm.FreeCRMTest.TestScript.IntegrationTest -->
