<?xml version="1.0" encoding="UTF-8"?>
<!-- Generated by org.testng.reporters.JUnitReportReporter -->
<testsuite hostname="LAPTOP-J9NH7VRS" failures="0" tests="1" name="com.crm.FreeCRMTest.MainTestScript.CompanyToTaskFlowTest" time="21.293" errors="0" timestamp="2026-01-29T09:41:40 IST" skipped="0">
  <testcase classname="com.crm.FreeCRMTest.MainTestScript.CompanyToTaskFlowTest" name="companyToTaskFlowTest" time="21.293"/>
</testsuite> <!-- com.crm.FreeCRMTest.MainTestScript.CompanyToTaskFlowTest -->
