<?xml version="1.0" encoding="UTF-8"?>
<testng-results ignored="0" total="9" passed="9" failed="0" skipped="0">
  <reporter-output>
  </reporter-output>
  <suite started-at="2026-01-29T09:39:28 IST" name="Suite" finished-at="2026-01-29T09:41:39 IST" duration-ms="131084">
    <groups>
      <group name="regressionTest">
        <method signature="CompanyToTaskFlowTest.companyToTaskFlowTest()[pri:0, instance:com.crm.FreeCRMTest.MainTestScript.CompanyToTaskFlowTest@75db5df9]" name="companyToTaskFlowTest" class="com.crm.FreeCRMTest.MainTestScript.CompanyToTaskFlowTest"/>
        <method signature="CreateContactToDeal.createContactToDealTest()[pri:0, instance:com.crm.FreeCRMTest.MainTestScript.CreateContactToDeal@5aebe890]" name="createContactToDealTest" class="com.crm.FreeCRMTest.MainTestScript.CreateContactToDeal"/>
        <method signature="EndToEndTestFlow.EneToEndTest()[pri:0, instance:com.crm.FreeCRMTest.MainTestScript.EndToEndTestFlow@65d09a04]" name="EneToEndTest" class="com.crm.FreeCRMTest.MainTestScript.EndToEndTestFlow"/>
        <method signature="InvoiceWithProductTest.generateInvoiceWithProductTest()[pri:0, instance:com.crm.FreeCRMTest.MainTestScript.InvoiceWithProductTest@45b4c3a9]" name="generateInvoiceWithProductTest" class="com.crm.FreeCRMTest.MainTestScript.InvoiceWithProductTest"/>
        <method signature="SearchContactTaskTest.searchContactAddTaskTest()[pri:0, instance:com.crm.FreeCRMTest.MainTestScript.SearchContactTaskTest@33c911a1]" name="searchContactAddTaskTest" class="com.crm.FreeCRMTest.MainTestScript.SearchContactTaskTest"/>
      </group> <!-- regressionTest -->
      <group name="RegressionTest">
        <method signature="GenerateDealTest.generateDealTest()[pri:0, instance:com.crm.FreeCRMTest.MainTestScript.GenerateDealTest@6a2f6f80]" name="generateDealTest" class="com.crm.FreeCRMTest.MainTestScript.GenerateDealTest"/>
      </group> <!-- RegressionTest -->
      <group name="smokeTest">
        <method signature="CalenderEvent.createCalenderwithEventAndNotesTest()[pri:0, instance:com.crm.FreeCRMTest.MainTestScript.CalenderEvent@4e50c791]" name="createCalenderwithEventAndNotesTest" class="com.crm.FreeCRMTest.MainTestScript.CalenderEvent"/>
        <method signature="CompanyToTaskFlowTest.companyToTaskFlowTest()[pri:0, instance:com.crm.FreeCRMTest.MainTestScript.CompanyToTaskFlowTest@75db5df9]" name="companyToTaskFlowTest" class="com.crm.FreeCRMTest.MainTestScript.CompanyToTaskFlowTest"/>
        <method signature="CreateCompanyTest.createCompanyTest()[pri:0, instance:com.crm.FreeCRMTest.MainTestScript.CreateCompanyTest@707194ba]" name="createCompanyTest" class="com.crm.FreeCRMTest.MainTestScript.CreateCompanyTest"/>
        <method signature="CreateContactToDeal.createContactToDealTest()[pri:0, instance:com.crm.FreeCRMTest.MainTestScript.CreateContactToDeal@5aebe890]" name="createContactToDealTest" class="com.crm.FreeCRMTest.MainTestScript.CreateContactToDeal"/>
        <method signature="DeleteContactTest.deleteContactTest()[pri:0, instance:com.crm.FreeCRMTest.MainTestScript.DeleteContactTest@1190200a]" name="deleteContactTest" class="com.crm.FreeCRMTest.MainTestScript.DeleteContactTest"/>
        <method signature="EndToEndTestFlow.EneToEndTest()[pri:0, instance:com.crm.FreeCRMTest.MainTestScript.EndToEndTestFlow@65d09a04]" name="EneToEndTest" class="com.crm.FreeCRMTest.MainTestScript.EndToEndTestFlow"/>
        <method signature="InvoiceWithProductTest.generateInvoiceWithProductTest()[pri:0, instance:com.crm.FreeCRMTest.MainTestScript.InvoiceWithProductTest@45b4c3a9]" name="generateInvoiceWithProductTest" class="com.crm.FreeCRMTest.MainTestScript.InvoiceWithProductTest"/>
        <method signature="SearchContactTaskTest.searchContactAddTaskTest()[pri:0, instance:com.crm.FreeCRMTest.MainTestScript.SearchContactTaskTest@33c911a1]" name="searchContactAddTaskTest" class="com.crm.FreeCRMTest.MainTestScript.SearchContactTaskTest"/>
      </group> <!-- smokeTest -->
    </groups>
    <test started-at="2026-01-29T09:39:28 IST" name="Test" finished-at="2026-01-29T09:41:39 IST" duration-ms="131084">
      <class name="com.crm.FreeCRMTest.MainTestScript.DeleteContactTest">
        <test-method is-config="true" signature="configBC()[pri:0, instance:com.crm.FreeCRMTest.MainTestScript.DeleteContactTest@1190200a]" started-at="2026-01-29T09:41:00 IST" name="configBC" finished-at="2026-01-29T09:41:01 IST" duration-ms="896" status="PASS">
          <reporter-output>
          </reporter-output>
        </test-method> <!-- configBC -->
        <test-method is-config="true" signature="configBM()[pri:0, instance:com.crm.FreeCRMTest.MainTestScript.DeleteContactTest@1190200a]" started-at="2026-01-29T09:41:01 IST" name="configBM" finished-at="2026-01-29T09:41:01 IST" duration-ms="5" status="PASS">
          <reporter-output>
          </reporter-output>
        </test-method> <!-- configBM -->
        <test-method signature="deleteContactTest()[pri:0, instance:com.crm.FreeCRMTest.MainTestScript.DeleteContactTest@1190200a]" started-at="2026-01-29T09:41:01 IST" name="deleteContactTest" finished-at="2026-01-29T09:41:10 IST" duration-ms="9105" status="PASS">
          <reporter-output>
          </reporter-output>
        </test-method> <!-- deleteContactTest -->
        <test-method is-config="true" signature="configAM()[pri:0, instance:com.crm.FreeCRMTest.MainTestScript.DeleteContactTest@1190200a]" started-at="2026-01-29T09:41:10 IST" name="configAM" finished-at="2026-01-29T09:41:10 IST" duration-ms="395" status="PASS">
          <reporter-output>
          </reporter-output>
        </test-method> <!-- configAM -->
        <test-method is-config="true" signature="configAC()[pri:0, instance:com.crm.FreeCRMTest.MainTestScript.DeleteContactTest@1190200a]" started-at="2026-01-29T09:41:10 IST" name="configAC" finished-at="2026-01-29T09:41:11 IST" duration-ms="328" status="PASS">
          <reporter-output>
          </reporter-output>
        </test-method> <!-- configAC -->
      </class> <!-- com.crm.FreeCRMTest.MainTestScript.DeleteContactTest -->
      <class name="com.crm.FreeCRMTest.MainTestScript.InvoiceWithProductTest">
        <test-method is-config="true" signature="configBC()[pri:0, instance:com.crm.FreeCRMTest.MainTestScript.InvoiceWithProductTest@45b4c3a9]" started-at="2026-01-29T09:41:21 IST" name="configBC" finished-at="2026-01-29T09:41:22 IST" duration-ms="845" status="PASS">
          <reporter-output>
          </reporter-output>
        </test-method> <!-- configBC -->
        <test-method is-config="true" signature="configBM()[pri:0, instance:com.crm.FreeCRMTest.MainTestScript.InvoiceWithProductTest@45b4c3a9]" started-at="2026-01-29T09:41:22 IST" name="configBM" finished-at="2026-01-29T09:41:22 IST" duration-ms="6" status="PASS">
          <reporter-output>
          </reporter-output>
        </test-method> <!-- configBM -->
        <test-method signature="generateInvoiceWithProductTest()[pri:0, instance:com.crm.FreeCRMTest.MainTestScript.InvoiceWithProductTest@45b4c3a9]" started-at="2026-01-29T09:41:22 IST" name="generateInvoiceWithProductTest" finished-at="2026-01-29T09:41:39 IST" duration-ms="17202" status="PASS">
          <reporter-output>
          </reporter-output>
        </test-method> <!-- generateInvoiceWithProductTest -->
        <test-method is-config="true" signature="configAM()[pri:0, instance:com.crm.FreeCRMTest.MainTestScript.InvoiceWithProductTest@45b4c3a9]" started-at="2026-01-29T09:41:39 IST" name="configAM" finished-at="2026-01-29T09:41:39 IST" duration-ms="343" status="PASS">
          <reporter-output>
          </reporter-output>
        </test-method> <!-- configAM -->
        <test-method is-config="true" signature="configAC()[pri:0, instance:com.crm.FreeCRMTest.MainTestScript.InvoiceWithProductTest@45b4c3a9]" started-at="2026-01-29T09:41:39 IST" name="configAC" finished-at="2026-01-29T09:41:39 IST" duration-ms="316" status="PASS">
          <reporter-output>
          </reporter-output>
        </test-method> <!-- configAC -->
      </class> <!-- com.crm.FreeCRMTest.MainTestScript.InvoiceWithProductTest -->
      <class name="com.crm.FreeCRMTest.MainTestScript.CreateCompanyTest">
        <test-method is-config="true" signature="configBC()[pri:0, instance:com.crm.FreeCRMTest.MainTestScript.CreateCompanyTest@707194ba]" started-at="2026-01-29T09:40:49 IST" name="configBC" finished-at="2026-01-29T09:40:50 IST" duration-ms="862" status="PASS">
          <reporter-output>
          </reporter-output>
        </test-method> <!-- configBC -->
        <test-method is-config="true" signature="configBM()[pri:0, instance:com.crm.FreeCRMTest.MainTestScript.CreateCompanyTest@707194ba]" started-at="2026-01-29T09:40:50 IST" name="configBM" finished-at="2026-01-29T09:40:50 IST" duration-ms="2" status="PASS">
          <reporter-output>
          </reporter-output>
        </test-method> <!-- configBM -->
        <test-method signature="createCompanyTest()[pri:0, instance:com.crm.FreeCRMTest.MainTestScript.CreateCompanyTest@707194ba]" started-at="2026-01-29T09:40:50 IST" name="createCompanyTest" finished-at="2026-01-29T09:40:59 IST" duration-ms="9248" status="PASS">
          <reporter-output>
          </reporter-output>
        </test-method> <!-- createCompanyTest -->
        <test-method is-config="true" signature="configAM()[pri:0, instance:com.crm.FreeCRMTest.MainTestScript.CreateCompanyTest@707194ba]" started-at="2026-01-29T09:40:59 IST" name="configAM" finished-at="2026-01-29T09:41:00 IST" duration-ms="375" status="PASS">
          <reporter-output>
          </reporter-output>
        </test-method> <!-- configAM -->
        <test-method is-config="true" signature="configAC()[pri:0, instance:com.crm.FreeCRMTest.MainTestScript.CreateCompanyTest@707194ba]" started-at="2026-01-29T09:41:00 IST" name="configAC" finished-at="2026-01-29T09:41:00 IST" duration-ms="352" status="PASS">
          <reporter-output>
          </reporter-output>
        </test-method> <!-- configAC -->
      </class> <!-- com.crm.FreeCRMTest.MainTestScript.CreateCompanyTest -->
      <class name="com.crm.FreeCRMTest.MainTestScript.CompanyToTaskFlowTest">
        <test-method is-config="true" signature="configBC()[pri:0, instance:com.crm.FreeCRMTest.MainTestScript.CompanyToTaskFlowTest@75db5df9]" started-at="2026-01-29T09:40:27 IST" name="configBC" finished-at="2026-01-29T09:40:27 IST" duration-ms="871" status="PASS">
          <reporter-output>
          </reporter-output>
        </test-method> <!-- configBC -->
        <test-method is-config="true" signature="configBM()[pri:0, instance:com.crm.FreeCRMTest.MainTestScript.CompanyToTaskFlowTest@75db5df9]" started-at="2026-01-29T09:40:28 IST" name="configBM" finished-at="2026-01-29T09:40:28 IST" duration-ms="0" status="PASS">
          <reporter-output>
          </reporter-output>
        </test-method> <!-- configBM -->
        <test-method signature="companyToTaskFlowTest()[pri:0, instance:com.crm.FreeCRMTest.MainTestScript.CompanyToTaskFlowTest@75db5df9]" started-at="2026-01-29T09:40:28 IST" name="companyToTaskFlowTest" finished-at="2026-01-29T09:40:48 IST" duration-ms="20991" status="PASS">
          <reporter-output>
          </reporter-output>
        </test-method> <!-- companyToTaskFlowTest -->
        <test-method is-config="true" signature="configAM()[pri:0, instance:com.crm.FreeCRMTest.MainTestScript.CompanyToTaskFlowTest@75db5df9]" started-at="2026-01-29T09:40:48 IST" name="configAM" finished-at="2026-01-29T09:40:49 IST" duration-ms="302" status="PASS">
          <reporter-output>
          </reporter-output>
        </test-method> <!-- configAM -->
        <test-method is-config="true" signature="configAC()[pri:0, instance:com.crm.FreeCRMTest.MainTestScript.CompanyToTaskFlowTest@75db5df9]" started-at="2026-01-29T09:40:49 IST" name="configAC" finished-at="2026-01-29T09:40:49 IST" duration-ms="312" status="PASS">
          <reporter-output>
          </reporter-output>
        </test-method> <!-- configAC -->
      </class> <!-- com.crm.FreeCRMTest.MainTestScript.CompanyToTaskFlowTest -->
      <class name="com.crm.FreeCRMTest.MainTestScript.SearchContactTaskTest">
        <test-method is-config="true" signature="configBC()[pri:0, instance:com.crm.FreeCRMTest.MainTestScript.SearchContactTaskTest@33c911a1]" started-at="2026-01-29T09:40:16 IST" name="configBC" finished-at="2026-01-29T09:40:17 IST" duration-ms="975" status="PASS">
          <reporter-output>
          </reporter-output>
        </test-method> <!-- configBC -->
        <test-method is-config="true" signature="configBM()[pri:0, instance:com.crm.FreeCRMTest.MainTestScript.SearchContactTaskTest@33c911a1]" started-at="2026-01-29T09:40:17 IST" name="configBM" finished-at="2026-01-29T09:40:17 IST" duration-ms="5" status="PASS">
          <reporter-output>
          </reporter-output>
        </test-method> <!-- configBM -->
        <test-method signature="searchContactAddTaskTest()[pri:0, instance:com.crm.FreeCRMTest.MainTestScript.SearchContactTaskTest@33c911a1]" started-at="2026-01-29T09:40:17 IST" name="searchContactAddTaskTest" finished-at="2026-01-29T09:40:26 IST" duration-ms="9397" status="PASS">
          <reporter-output>
          </reporter-output>
        </test-method> <!-- searchContactAddTaskTest -->
        <test-method is-config="true" signature="configAM()[pri:0, instance:com.crm.FreeCRMTest.MainTestScript.SearchContactTaskTest@33c911a1]" started-at="2026-01-29T09:40:26 IST" name="configAM" finished-at="2026-01-29T09:40:26 IST" duration-ms="354" status="PASS">
          <reporter-output>
          </reporter-output>
        </test-method> <!-- configAM -->
        <test-method is-config="true" signature="configAC()[pri:0, instance:com.crm.FreeCRMTest.MainTestScript.SearchContactTaskTest@33c911a1]" started-at="2026-01-29T09:40:26 IST" name="configAC" finished-at="2026-01-29T09:40:27 IST" duration-ms="312" status="PASS">
          <reporter-output>
          </reporter-output>
        </test-method> <!-- configAC -->
      </class> <!-- com.crm.FreeCRMTest.MainTestScript.SearchContactTaskTest -->
      <class name="com.crm.FreeCRMTest.MainTestScript.EndToEndTestFlow">
        <test-method is-config="true" signature="configBC()[pri:0, instance:com.crm.FreeCRMTest.MainTestScript.EndToEndTestFlow@65d09a04]" started-at="2026-01-29T09:40:00 IST" name="configBC" finished-at="2026-01-29T09:40:01 IST" duration-ms="922" status="PASS">
          <reporter-output>
          </reporter-output>
        </test-method> <!-- configBC -->
        <test-method is-config="true" signature="configBM()[pri:0, instance:com.crm.FreeCRMTest.MainTestScript.EndToEndTestFlow@65d09a04]" started-at="2026-01-29T09:40:01 IST" name="configBM" finished-at="2026-01-29T09:40:01 IST" duration-ms="6" status="PASS">
          <reporter-output>
          </reporter-output>
        </test-method> <!-- configBM -->
        <test-method signature="EneToEndTest()[pri:0, instance:com.crm.FreeCRMTest.MainTestScript.EndToEndTestFlow@65d09a04]" started-at="2026-01-29T09:40:01 IST" name="EneToEndTest" finished-at="2026-01-29T09:40:15 IST" duration-ms="14070" status="PASS">
          <reporter-output>
          </reporter-output>
        </test-method> <!-- EneToEndTest -->
        <test-method is-config="true" signature="configAM()[pri:0, instance:com.crm.FreeCRMTest.MainTestScript.EndToEndTestFlow@65d09a04]" started-at="2026-01-29T09:40:15 IST" name="configAM" finished-at="2026-01-29T09:40:15 IST" duration-ms="287" status="PASS">
          <reporter-output>
          </reporter-output>
        </test-method> <!-- configAM -->
        <test-method is-config="true" signature="configAC()[pri:0, instance:com.crm.FreeCRMTest.MainTestScript.EndToEndTestFlow@65d09a04]" started-at="2026-01-29T09:40:15 IST" name="configAC" finished-at="2026-01-29T09:40:16 IST" duration-ms="335" status="PASS">
          <reporter-output>
          </reporter-output>
        </test-method> <!-- configAC -->
      </class> <!-- com.crm.FreeCRMTest.MainTestScript.EndToEndTestFlow -->
      <class name="com.crm.FreeCRMTest.MainTestScript.GenerateDealTest">
        <test-method is-config="true" signature="configBC()[pri:0, instance:com.crm.FreeCRMTest.MainTestScript.GenerateDealTest@6a2f6f80]" started-at="2026-01-29T09:41:11 IST" name="configBC" finished-at="2026-01-29T09:41:12 IST" duration-ms="872" status="PASS">
          <reporter-output>
          </reporter-output>
        </test-method> <!-- configBC -->
        <test-method signature="generateDealTest()[pri:0, instance:com.crm.FreeCRMTest.MainTestScript.GenerateDealTest@6a2f6f80]" started-at="2026-01-29T09:41:12 IST" name="generateDealTest" finished-at="2026-01-29T09:41:20 IST" duration-ms="8532" status="PASS">
          <reporter-output>
          </reporter-output>
        </test-method> <!-- generateDealTest -->
        <test-method is-config="true" signature="configBM()[pri:0, instance:com.crm.FreeCRMTest.MainTestScript.GenerateDealTest@6a2f6f80]" started-at="2026-01-29T09:41:12 IST" name="configBM" finished-at="2026-01-29T09:41:12 IST" duration-ms="0" status="PASS">
          <reporter-output>
          </reporter-output>
        </test-method> <!-- configBM -->
        <test-method is-config="true" signature="configAM()[pri:0, instance:com.crm.FreeCRMTest.MainTestScript.GenerateDealTest@6a2f6f80]" started-at="2026-01-29T09:41:20 IST" name="configAM" finished-at="2026-01-29T09:41:20 IST" duration-ms="358" status="PASS">
          <reporter-output>
          </reporter-output>
        </test-method> <!-- configAM -->
        <test-method is-config="true" signature="configAC()[pri:0, instance:com.crm.FreeCRMTest.MainTestScript.GenerateDealTest@6a2f6f80]" started-at="2026-01-29T09:41:20 IST" name="configAC" finished-at="2026-01-29T09:41:21 IST" duration-ms="297" status="PASS">
          <reporter-output>
          </reporter-output>
        </test-method> <!-- configAC -->
      </class> <!-- com.crm.FreeCRMTest.MainTestScript.GenerateDealTest -->
      <class name="com.crm.FreeCRMTest.MainTestScript.CreateContactToDeal">
        <test-method is-config="true" signature="configBC()[pri:0, instance:com.crm.FreeCRMTest.MainTestScript.CreateContactToDeal@5aebe890]" started-at="2026-01-29T09:39:44 IST" name="configBC" finished-at="2026-01-29T09:39:45 IST" duration-ms="865" status="PASS">
          <reporter-output>
          </reporter-output>
        </test-method> <!-- configBC -->
        <test-method signature="createContactToDealTest()[pri:0, instance:com.crm.FreeCRMTest.MainTestScript.CreateContactToDeal@5aebe890]" started-at="2026-01-29T09:39:45 IST" name="createContactToDealTest" finished-at="2026-01-29T09:39:59 IST" duration-ms="14495" status="PASS">
          <reporter-output>
          </reporter-output>
        </test-method> <!-- createContactToDealTest -->
        <test-method is-config="true" signature="configBM()[pri:0, instance:com.crm.FreeCRMTest.MainTestScript.CreateContactToDeal@5aebe890]" started-at="2026-01-29T09:39:45 IST" name="configBM" finished-at="2026-01-29T09:39:45 IST" duration-ms="0" status="PASS">
          <reporter-output>
          </reporter-output>
        </test-method> <!-- configBM -->
        <test-method is-config="true" signature="configAM()[pri:0, instance:com.crm.FreeCRMTest.MainTestScript.CreateContactToDeal@5aebe890]" started-at="2026-01-29T09:39:59 IST" name="configAM" finished-at="2026-01-29T09:40:00 IST" duration-ms="229" status="PASS">
          <reporter-output>
          </reporter-output>
        </test-method> <!-- configAM -->
        <test-method is-config="true" signature="configAC()[pri:0, instance:com.crm.FreeCRMTest.MainTestScript.CreateContactToDeal@5aebe890]" started-at="2026-01-29T09:40:00 IST" name="configAC" finished-at="2026-01-29T09:40:00 IST" duration-ms="356" status="PASS">
          <reporter-output>
          </reporter-output>
        </test-method> <!-- configAC -->
      </class> <!-- com.crm.FreeCRMTest.MainTestScript.CreateContactToDeal -->
      <class name="com.crm.FreeCRMTest.MainTestScript.CalenderEvent">
        <test-method is-config="true" signature="config()[pri:0, instance:com.crm.FreeCRMTest.MainTestScript.CalenderEvent@4e50c791]" started-at="2026-01-29T09:39:28 IST" name="config" finished-at="2026-01-29T09:39:28 IST" duration-ms="7" status="PASS">
          <reporter-output>
          </reporter-output>
        </test-method> <!-- config -->
        <test-method is-config="true" signature="configBC()[pri:0, instance:com.crm.FreeCRMTest.MainTestScript.CalenderEvent@4e50c791]" started-at="2026-01-29T09:39:28 IST" name="configBC" finished-at="2026-01-29T09:39:30 IST" duration-ms="1597" status="PASS">
          <reporter-output>
          </reporter-output>
        </test-method> <!-- configBC -->
        <test-method signature="createCalenderwithEventAndNotesTest()[pri:0, instance:com.crm.FreeCRMTest.MainTestScript.CalenderEvent@4e50c791]" started-at="2026-01-29T09:39:30 IST" name="createCalenderwithEventAndNotesTest" finished-at="2026-01-29T09:39:43 IST" duration-ms="13204" status="PASS">
          <reporter-output>
          </reporter-output>
        </test-method> <!-- createCalenderwithEventAndNotesTest -->
        <test-method is-config="true" signature="configBM()[pri:0, instance:com.crm.FreeCRMTest.MainTestScript.CalenderEvent@4e50c791]" started-at="2026-01-29T09:39:30 IST" name="configBM" finished-at="2026-01-29T09:39:30 IST" duration-ms="0" status="PASS">
          <reporter-output>
          </reporter-output>
        </test-method> <!-- configBM -->
        <test-method is-config="true" signature="configAM()[pri:0, instance:com.crm.FreeCRMTest.MainTestScript.CalenderEvent@4e50c791]" started-at="2026-01-29T09:39:43 IST" name="configAM" finished-at="2026-01-29T09:39:44 IST" duration-ms="403" status="PASS">
          <reporter-output>
          </reporter-output>
        </test-method> <!-- configAM -->
        <test-method is-config="true" signature="configAC()[pri:0, instance:com.crm.FreeCRMTest.MainTestScript.CalenderEvent@4e50c791]" started-at="2026-01-29T09:39:44 IST" name="configAC" finished-at="2026-01-29T09:39:44 IST" duration-ms="329" status="PASS">
          <reporter-output>
          </reporter-output>
        </test-method> <!-- configAC -->
        <test-method is-config="true" signature="configAS()[pri:0, instance:com.crm.FreeCRMTest.MainTestScript.CalenderEvent@4e50c791]" started-at="2026-01-29T09:41:40 IST" name="configAS" finished-at="2026-01-29T09:41:40 IST" duration-ms="0" status="PASS">
          <reporter-output>
          </reporter-output>
        </test-method> <!-- configAS -->
      </class> <!-- com.crm.FreeCRMTest.MainTestScript.CalenderEvent -->
    </test> <!-- Test -->
  </suite> <!-- Suite -->
</testng-results>
