<?xml version="1.0" encoding="UTF-8"?>
<!-- Generated by org.testng.reporters.JUnitXMLReporter -->
<testsuite ignored="16" hostname="LAPTOP-J9NH7VRS" failures="0" tests="9" name="Test" time="131.084" errors="0" timestamp="2026-01-29T09:41:40 IST">
  <testcase classname="com.crm.FreeCRMTest.MainTestScript.CalenderEvent" name="createCalenderwithEventAndNotesTest" time="13.204"/>
  <testcase classname="com.crm.FreeCRMTest.MainTestScript.CreateContactToDeal" name="createContactToDealTest" time="14.495"/>
  <testcase classname="com.crm.FreeCRMTest.MainTestScript.EndToEndTestFlow" name="EneToEndTest" time="14.07"/>
  <testcase classname="com.crm.FreeCRMTest.MainTestScript.SearchContactTaskTest" name="searchContactAddTaskTest" time="9.397"/>
  <testcase classname="com.crm.FreeCRMTest.MainTestScript.CompanyToTaskFlowTest" name="companyToTaskFlowTest" time="20.991"/>
  <testcase classname="com.crm.FreeCRMTest.MainTestScript.CreateCompanyTest" name="createCompanyTest" time="9.248"/>
  <testcase classname="com.crm.FreeCRMTest.MainTestScript.DeleteContactTest" name="deleteContactTest" time="9.105"/>
  <testcase classname="com.crm.FreeCRMTest.MainTestScript.GenerateDealTest" name="generateDealTest" time="8.532"/>
  <testcase classname="com.crm.FreeCRMTest.MainTestScript.InvoiceWithProductTest" name="generateInvoiceWithProductTest" time="17.202"/>
  <testcase classname="com.crm.FreeCRMTest.Baseclass.BaseClass" name="@BeforeSuite config" time="0.0">
    <ignored/>
  </testcase> <!-- @BeforeSuite config -->
  <testcase classname="com.crm.FreeCRMTest.Baseclass.BaseClass" name="@AfterSuite configAS" time="0.0">
    <ignored/>
  </testcase> <!-- @AfterSuite configAS -->
  <testcase classname="com.crm.FreeCRMTest.Baseclass.BaseClass" name="@AfterSuite configAS" time="0.0">
    <ignored/>
  </testcase> <!-- @AfterSuite configAS -->
  <testcase classname="com.crm.FreeCRMTest.Baseclass.BaseClass" name="@BeforeSuite config" time="0.0">
    <ignored/>
  </testcase> <!-- @BeforeSuite config -->
  <testcase classname="com.crm.FreeCRMTest.Baseclass.BaseClass" name="@BeforeSuite config" time="0.0">
    <ignored/>
  </testcase> <!-- @BeforeSuite config -->
  <testcase classname="com.crm.FreeCRMTest.Baseclass.BaseClass" name="@AfterSuite configAS" time="0.0">
    <ignored/>
  </testcase> <!-- @AfterSuite configAS -->
  <testcase classname="com.crm.FreeCRMTest.Baseclass.BaseClass" name="@BeforeSuite config" time="0.0">
    <ignored/>
  </testcase> <!-- @BeforeSuite config -->
  <testcase classname="com.crm.FreeCRMTest.Baseclass.BaseClass" name="@AfterSuite configAS" time="0.0">
    <ignored/>
  </testcase> <!-- @AfterSuite configAS -->
  <testcase classname="com.crm.FreeCRMTest.Baseclass.BaseClass" name="@BeforeSuite config" time="0.0">
    <ignored/>
  </testcase> <!-- @BeforeSuite config -->
  <testcase classname="com.crm.FreeCRMTest.Baseclass.BaseClass" name="@AfterSuite configAS" time="0.0">
    <ignored/>
  </testcase> <!-- @AfterSuite configAS -->
  <testcase classname="com.crm.FreeCRMTest.Baseclass.BaseClass" name="@AfterSuite configAS" time="0.0">
    <ignored/>
  </testcase> <!-- @AfterSuite configAS -->
  <testcase classname="com.crm.FreeCRMTest.Baseclass.BaseClass" name="@BeforeSuite config" time="0.0">
    <ignored/>
  </testcase> <!-- @BeforeSuite config -->
  <testcase classname="com.crm.FreeCRMTest.Baseclass.BaseClass" name="@BeforeSuite config" time="0.0">
    <ignored/>
  </testcase> <!-- @BeforeSuite config -->
  <testcase classname="com.crm.FreeCRMTest.Baseclass.BaseClass" name="@AfterSuite configAS" time="0.0">
    <ignored/>
  </testcase> <!-- @AfterSuite configAS -->
  <testcase classname="com.crm.FreeCRMTest.Baseclass.BaseClass" name="@BeforeSuite config" time="0.0">
    <ignored/>
  </testcase> <!-- @BeforeSuite config -->
  <testcase classname="com.crm.FreeCRMTest.Baseclass.BaseClass" name="@AfterSuite configAS" time="0.0">
    <ignored/>
  </testcase> <!-- @AfterSuite configAS -->
</testsuite> <!-- Test -->
